[0;36m
                          iiii
                         i::::i
                          iiii

vvvvvvv           vvvvvvviiiiiii    mmmmmmm    mmmmmmm   rrrrr   rrrrrrrrr       cccccccccccccccc
 v:::::v         v:::::v i:::::i  mm:::::::m  m:::::::mm r::::rrr:::::::::r    cc:::::::::::::::c
  v:::::v       v:::::v   i::::i m::::::::::mm::::::::::mr:::::::::::::::::r  c:::::::::::::::::c
   v:::::v     v:::::v    i::::i m::::::::::::::::::::::mrr::::::rrrrr::::::rc:::::::cccccc:::::c
    v:::::v   v:::::v     i::::i m:::::mmm::::::mmm:::::m r:::::r     r:::::rc::::::c     ccccccc
     v:::::v v:::::v      i::::i m::::m   m::::m   m::::m r:::::r     rrrrrrrc:::::c
      v:::::v:::::v       i::::i m::::m   m::::m   m::::m r:::::r            c:::::c
       v:::::::::v        i::::i m::::m   m::::m   m::::m r:::::r            c::::::c     ccccccc
        v:::::::v        i::::::im::::m   m::::m   m::::m r:::::r            c:::::::cccccc:::::c
         v:::::v         i::::::im::::m   m::::m   m::::m r:::::r             c:::::::::::::::::c
          v:::v          i::::::im::::m   m::::m   m::::m r:::::r              cc:::::::::::::::c
           vvv           iiiiiiiimmmmmm   mmmmmm   mmmmmm rrrrrrr                cccccccccccccccc
[0m
[0;33mYou already have /root/.vim directory.[0m
[0;33mYou have to remove /root/.vim if you want to re-install.[0m
[0;36m
                          iiii
                         i::::i
                          iiii

vvvvvvv           vvvvvvviiiiiii    mmmmmmm    mmmmmmm   rrrrr   rrrrrrrrr       cccccccccccccccc
 v:::::v         v:::::v i:::::i  mm:::::::m  m:::::::mm r::::rrr:::::::::r    cc:::::::::::::::c
  v:::::v       v:::::v   i::::i m::::::::::mm::::::::::mr:::::::::::::::::r  c:::::::::::::::::c
   v:::::v     v:::::v    i::::i m::::::::::::::::::::::mrr::::::rrrrr::::::rc:::::::cccccc:::::c
    v:::::v   v:::::v     i::::i m:::::mmm::::::mmm:::::m r:::::r     r:::::rc::::::c     ccccccc
     v:::::v v:::::v      i::::i m::::m   m::::m   m::::m r:::::r     rrrrrrrc:::::c
      v:::::v:::::v       i::::i m::::m   m::::m   m::::m r:::::r            c:::::c
       v:::::::::v        i::::i m::::m   m::::m   m::::m r:::::r            c::::::c     ccccccc
        v:::::::v        i::::::im::::m   m::::m   m::::m r:::::r            c:::::::cccccc:::::c
         v:::::v         i::::::im::::m   m::::m   m::::m r:::::r             c:::::::::::::::::c
          v:::v          i::::::im::::m   m::::m   m::::m r:::::r              cc:::::::::::::::c
           vvv           iiiiiiiimmmmmm   mmmmmm   mmmmmm rrrrrrr                cccccccccccccccc
[0m
[0;36mCloning vimrc from https://github.com/ets-labs/python-vimrc.git[0m
正克隆到 '/root/.vim'...
[0;36mLooking for an existing vim config...[0m
[0;33mFound ~/.vimrc.[0m
[0;36mYou will see your old ~/.vimrc as /root/.vim/vimrc.bak[0m
[0;36mSymlinking /root/.vim/vimrc with ~/.vimrc...[0m
[0;36mInstalling Vundle...[0m
正克隆到 '/root/.vim/bundle/Vundle.vim'...
--2017-01-24 11:50:39--  http://www.vim.org/scripts/download_script.php?src_id=13400
正在解析主机 www.vim.org (www.vim.org)... 216.34.181.97
正在连接 www.vim.org (www.vim.org)|216.34.181.97|:80... 已连接。
已发出 HTTP 请求，正在等待回应... 200 OK
长度：3372 (3.3K) [application/octetstream]
正在保存至: “/root/.vim/colors/wombat256mod.vim”

     0K ...                                                   100% 14.4M=0s

2017-01-24 11:50:40 (14.4 MB/s) - 已保存 “/root/.vim/colors/wombat256mod.vim” [3372/3372])

[0;32mVimrc has been configured ;)[0m
[0;33mDo not worry about error messages. When it occurs just press enter and wait till all plugins are installed.[0m
[0;36mKeep calm and use VIM![0m
Vim: 警告: 输出不是到终端(屏幕)
Vim: 警告: 输入不是来自终端(键盘)
[?1049h[?1h=[1;24r[?12;25h[?12l[?25h[27m[23m[m[38;5;252m[48;5;234m[H[2J[?25l[1;1H[38;5;246m" Installing plugins to /root/.vim/bundl[m[38;5;252m[48;5;234m[38;5;238m[48;5;238m|[m[38;5;252m[48;5;234m
[38;5;246me[m[38;5;252m[48;5;234m[39C[38;5;238m[48;5;238m|[m[38;5;252m[48;5;234m
[38;5;111m[48;5;236mPlugin[m[38;5;252m[48;5;234m[48;5;236m [m[38;5;252m[48;5;234m[38;5;113m[48;5;236m'VundleVim/Vundle.vim'[m[38;5;252m[48;5;234m[48;5;236m           [m[38;5;252m[48;5;234m[38;5;238m[48;5;238m|[m[38;5;252m[48;5;234m
[38;5;111mPlugin[m[38;5;252m[48;5;234m [38;5;113m'scrooloose/nerdtree'[m[38;5;252m[48;5;234m[12C[38;5;238m[48;5;238m|[m[38;5;252m[48;5;234m
[38;5;111mPlugin[m[38;5;252m[48;5;234m [38;5;113m'majutsushi/tagbar'[m[38;5;252m[48;5;234m[14C[38;5;238m[48;5;238m|[m[38;5;252m[48;5;234m
[38;5;111mPlugin[m[38;5;252m[48;5;234m [38;5;113m'kien/ctrlp.vim'[m[38;5;252m[48;5;234m[17C[38;5;238m[48;5;238m|[m[38;5;252m[48;5;234m
[38;5;111mPlugin[m[38;5;252m[48;5;234m [38;5;113m'bling/vim-airline'[m[38;5;252m[48;5;234m[14C[38;5;238m[48;5;238m|[m[38;5;252m[48;5;234m
[38;5;111mPlugin[m[38;5;252m[48;5;234m [38;5;113m'vim-airline/vim-airline-themes'[m[38;5;252m[48;5;234m [38;5;238m[48;5;238m|[m[38;5;252m[48;5;234m
[38;5;111mPlugin[m[38;5;252m[48;5;234m [38;5;113m'Lokaltog/powerline'[m[38;5;252m[48;5;234m[13C[38;5;238m[48;5;238m|[m[38;5;252m[48;5;234m
[38;5;111mPlugin[m[38;5;252m[48;5;234m [38;5;113m'fisadev/FixedTaskList.vim'[m[38;5;252m[48;5;234m      [38;5;238m[48;5;238m|[m[38;5;252m[48;5;234m
[38;5;111mPlugin[m[38;5;252m[48;5;234m [38;5;113m'rosenfeld/conque-term'[m[38;5;252m[48;5;234m[10C[38;5;238m[48;5;238m|[m[38;5;252m[48;5;234m
[38;5;111mPlugin[m[38;5;252m[48;5;234m [38;5;113m'tpope/vim-surround'[m[38;5;252m[48;5;234m[13C[38;5;238m[48;5;238m|[m[38;5;252m[48;5;234m
[38;5;111mPlugin[m[38;5;252m[48;5;234m [38;5;113m'flazz/vim-colorschemes'[m[38;5;252m[48;5;234m[9C[38;5;238m[48;5;238m|[m[38;5;252m[48;5;234m
[38;5;111mPlugin[m[38;5;252m[48;5;234m [38;5;113m'garbas/vim-snipmate'[m[38;5;252m[48;5;234m[12C[38;5;238m[48;5;238m|[m[38;5;252m[48;5;234m
[38;5;111mPlugin[m[38;5;252m[48;5;234m [38;5;113m'MarcWeber/vim-addon-mw-utils'[m[38;5;252m[48;5;234m   [38;5;238m[48;5;238m|[m[38;5;252m[48;5;234m
[38;5;111mPlugin[m[38;5;252m[48;5;234m [38;5;113m'tomtom/tlib_vim'[m[38;5;252m[48;5;234m[16C[38;5;238m[48;5;238m|[m[38;5;252m[48;5;234m
[38;5;111mPlugin[m[38;5;252m[48;5;234m [38;5;113m'honza/vim-snippets'[m[38;5;252m[48;5;234m[13C[38;5;238m[48;5;238m|[m[38;5;252m[48;5;234m
[38;5;111mPlugin[m[38;5;252m[48;5;234m [38;5;113m'tpope/vim-commentary'[m[38;5;252m[48;5;234m[11C[38;5;238m[48;5;238m|[m[38;5;252m[48;5;234m
[38;5;111mPlugin[m[38;5;252m[48;5;234m [38;5;113m'mitsuhiko/vim-sparkup'[m[38;5;252m[48;5;234m[10C[38;5;238m[48;5;238m|[m[38;5;252m[48;5;234m
[38;5;111mPlugin[m[38;5;252m[48;5;234m [38;5;113m'Rykka/riv.vim'[m[38;5;252m[48;5;234m[18C[38;5;238m[48;5;238m|[m[38;5;252m[48;5;234m
[38;5;111mPlugin[m[38;5;252m[48;5;234m [38;5;113m'Valloric/YouCompleteMe'[m[38;5;252m[48;5;234m[9C[38;5;238m[48;5;238m|[m[38;5;252m[48;5;234m
[38;5;111mPlugin[m[38;5;252m[48;5;234m [38;5;113m'klen/python-mode'[m[38;5;252m[48;5;234m[15C[38;5;238m[48;5;238m|[m[38;5;252m[48;5;234m
[38;5;230m[48;5;238m<staller [预览][只读] 2,1           顶端 [m[38;5;252m[48;5;234m[1;42H[93m  1 [m[38;5;252m[48;5;234m[48;5;236m                                   [m[38;5;252m[48;5;234m[2;42H[38;5;241m[48;5;232m~                                      [3;42H~                                      [4;42H~                                      [5;42H~                                      [6;42H~                                      [7;42H~                                      [8;42H~                                      [9;42H~                                      [10;42H~                                      [11;42H~                                      [12;42H~                                      [13;42H~                                      [14;42H~                                      [15;42H~                                      [16;42H~                                      [17;42H~                                      [18;42H~                                      [19;42H~                                      [20;42H~                                      [21;42H~                                      [22;42H~                                      [m[38;5;252m[48;5;234m[23;42H[38;5;241m[48;5;238m[未命名]             0,0-1         全部[?12l[?25h[?25l[m[38;5;252m[48;5;234m[24;1HProcessing 'VundleVim/Vundle.vim'[?12l[?25h[?25l[1;1H[96m[48;5;242m  [m[38;5;252m[48;5;234m[38;5;246m" Installing plugins to /root/.vim/bun[m[38;5;252m[48;5;234m
[96m[48;5;242m  [m[38;5;252m[48;5;234m[38;5;246mdle
. [m[38;5;252m[48;5;234m[38;5;111m[48;5;236mPlugin[m[38;5;252m[48;5;234m[48;5;236m [m[38;5;252m[48;5;234m[38;5;113m[48;5;236m'VundleVim/Vundle.vim'[m[38;5;252m[48;5;234m
[96m[48;5;242m  [m[38;5;252m[48;5;234m[38;5;111mPlugin[m[38;5;252m[48;5;234m [38;5;113m'scrooloose/nerdtree'[m[38;5;252m[48;5;234m
[96m[48;5;242m  [m[38;5;252m[48;5;234m[38;5;111mPlugin[m[38;5;252m[48;5;234m [38;5;113m'majutsushi/tagbar'[m[38;5;252m[48;5;234m
[96m[48;5;242m  [m[38;5;252m[48;5;234m[38;5;111mPlugin[m[38;5;252m[48;5;234m [38;5;113m'kien/ctrlp.vim'[m[38;5;252m[48;5;234m
[96m[48;5;242m  [m[38;5;252m[48;5;234m[38;5;111mPlugin[m[38;5;252m[48;5;234m [38;5;113m'bling/vim-airline'[m[38;5;252m[48;5;234m
[96m[48;5;242m  [m[38;5;252m[48;5;234m[38;5;111mPlugin[m[38;5;252m[48;5;234m [38;5;113m'vim-airline/vim-airline-themes[m[38;5;252m[48;5;234m
[96m[48;5;242m  [m[38;5;252m[48;5;234m[38;5;113m'[m[38;5;252m[48;5;234m                         
[96m[48;5;242m  [m[38;5;252m[48;5;234m[38;5;111mPlugin[m[38;5;252m[48;5;234m [38;5;113m'Lokaltog/powerline'[m[38;5;252m[48;5;234m      
[96m[48;5;242m  [m[38;5;252m[48;5;234m[38;5;111mPlugin[m[38;5;252m[48;5;234m [38;5;113m'fisadev/FixedTaskList.vim'[m[38;5;252m[48;5;234m
[96m[48;5;242m  [m[38;5;252m[48;5;234m[38;5;111mPlugin[m[38;5;252m[48;5;234m [38;5;113m'rosenfeld/conque-term'[m[38;5;252m[48;5;234m
[96m[48;5;242m  [m[38;5;252m[48;5;234m[38;5;111mPlugin[m[38;5;252m[48;5;234m [38;5;113m'tpope/vim-surround'[m[38;5;252m[48;5;234m   
[96m[48;5;242m  [m[38;5;252m[48;5;234m[38;5;111mPlugin[m[38;5;252m[48;5;234m [38;5;113m'flazz/vim-colorschemes'[m[38;5;252m[48;5;234m
[96m[48;5;242m  [m[38;5;252m[48;5;234m[38;5;111mPlugin[m[38;5;252m[48;5;234m [38;5;113m'garbas/vim-snipmate'[m[38;5;252m[48;5;234m        
[96m[48;5;242m  [m[38;5;252m[48;5;234m[38;5;111mPlugin[m[38;5;252m[48;5;234m [38;5;113m'MarcWeber/vim-addon-mw-utils'[m[38;5;252m[48;5;234m
[96m[48;5;242m  [m[38;5;252m[48;5;234m[38;5;111mPlugin[m[38;5;252m[48;5;234m [38;5;113m'tomtom/tlib_vim'[m[38;5;252m[48;5;234m  
[96m[48;5;242m  [m[38;5;252m[48;5;234m[38;5;111mPlugin[m[38;5;252m[48;5;234m [38;5;113m'honza/vim-snippets[m[38;5;252m[48;5;234m
[96m[48;5;242m  [m[38;5;252m[48;5;234m[38;5;111mPlugin[m[38;5;252m[48;5;234m [38;5;113m'tpope/vim-commentary'[m[38;5;252m[48;5;234m
[96m[48;5;242m  [m[38;5;252m[48;5;234m[38;5;111mPlugin[m[38;5;252m[48;5;234m [38;5;113m'mitsuhiko/vim-sparkup'[m[38;5;252m[48;5;234m
[96m[48;5;242m  [m[38;5;252m[48;5;234m[38;5;111mPlugin[m[38;5;252m[48;5;234m [38;5;113m'Rykka/riv.vim'[m[38;5;252m[48;5;234m        
[96m[48;5;242m  [m[38;5;252m[48;5;234m[38;5;111mPlugin[m[38;5;252m[48;5;234m [38;5;113m'Valloric/YouCompleteMe'[m[38;5;252m[48;5;234m

'VundleVim/Vundle.vim' already installed[23;23H[38;5;230m[48;5;238m3[m[38;5;252m[48;5;234m
Processing 'scrooloose/nerdtree'[24;33H[K[?12l[?25h[?25l[4;1H[38;5;246m+ [m[38;5;252m[48;5;234m[38;5;111m[48;5;236mPlugin[m[38;5;252m[48;5;234m[48;5;236m [m[38;5;252m[48;5;234m[38;5;113m[48;5;236m'scrooloose/nerdtree'[m[38;5;252m[48;5;234m[48;5;236m          [m[38;5;252m[48;5;234m[24;1H'scrooloose/nerdtree' installed[24;32H[K[23;23H[38;5;230m[48;5;238m4[m[38;5;252m[48;5;234m
Processing 'majutsushi/tagbar'[24;31H[K[?12l[?25h[?25l[5;1H[38;5;246m+ [m[38;5;252m[48;5;234m[38;5;111m[48;5;236mPlugin[m[38;5;252m[48;5;234m[48;5;236m [m[38;5;252m[48;5;234m[38;5;113m[48;5;236m'majutsushi/tagbar'[m[38;5;252m[48;5;234m[48;5;236m            [m[38;5;252m[48;5;234m[24;1H'majutsushi/tagbar' installed[24;30H[K[23;23H[38;5;230m[48;5;238m5[m[38;5;252m[48;5;234m
Processing 'kien/ctrlp.vim'[24;28H[K[?12l[?25h[?25l[6;1H[38;5;246m+ [m[38;5;252m[48;5;234m[38;5;111m[48;5;236mPlugin[m[38;5;252m[48;5;234m[48;5;236m [m[38;5;252m[48;5;234m[38;5;113m[48;5;236m'kien/ctrlp.vim'[m[38;5;252m[48;5;234m[48;5;236m               [m[38;5;252m[48;5;234m[24;1H'kien/ctrlp.vim' installed[24;27H[K[23;23H[38;5;230m[48;5;238m6[m[38;5;252m[48;5;234m
Processing 'bling/vim-airline'[?12l[?25h[?25l[7;1H[38;5;246m+ [m[38;5;252m[48;5;234m[38;5;111m[48;5;236mPlugin[m[38;5;252m[48;5;234m[48;5;236m [m[38;5;252m[48;5;234m[38;5;113m[48;5;236m'bling/vim-airline'[m[38;5;252m[48;5;234m[48;5;236m            [m[38;5;252m[48;5;234m[24;1H'bling/vim-airline' installed[24;30H[K[23;23H[38;5;230m[48;5;238m7[m[38;5;252m[48;5;234m
Processing 'vim-airline/vim-airline-themes'[?12l[?25h[?25l[8;1H[38;5;246m+ [m[38;5;252m[48;5;234m[38;5;111m[48;5;236mPlugin[m[38;5;252m[48;5;234m[48;5;236m [m[38;5;252m[48;5;234m[38;5;113m[48;5;236m'vim-airline/vim-airline-themes[9;3H'[m[38;5;252m[48;5;234m[48;5;236m                                     [m[38;5;252m[48;5;234m[24;1H'vim-airline/vim-airline-themes' installed[24;43H[K[23;23H[38;5;230m[48;5;238m8[m[38;5;252m[48;5;234m
Processing 'Lokaltog/powerline'[24;32H[K[?12l[?25h[?25l[10;1H[38;5;246m+ [m[38;5;252m[48;5;234m[38;5;111m[48;5;236mPlugin[m[38;5;252m[48;5;234m[48;5;236m [m[38;5;252m[48;5;234m[38;5;113m[48;5;236m'Lokaltog/powerline'[m[38;5;252m[48;5;234m[48;5;236m           [m[38;5;252m[48;5;234m[24;1H'Lokaltog/powerline' installed[24;31H[K[23;23H[38;5;230m[48;5;238m9[m[38;5;252m[48;5;234m
Processing 'fisadev/FixedTaskList.vim'[?12l[?25h[?25l[11;1H[38;5;246m+ [m[38;5;252m[48;5;234m[38;5;111m[48;5;236mPlugin[m[38;5;252m[48;5;234m[48;5;236m [m[38;5;252m[48;5;234m[38;5;113m[48;5;236m'fisadev/FixedTaskList.vim'[m[38;5;252m[48;5;234m[48;5;236m    [m[38;5;252m[48;5;234m[24;1H'fisadev/FixedTaskList.vim' installed[24;38H[K[23;23H[38;5;230m[48;5;238m10,1[m[38;5;252m[48;5;234m
Processing 'rosenfeld/conque-term'[24;35H[K[?12l[?25h[?25l[12;1H[38;5;246m+ [m[38;5;252m[48;5;234m[38;5;111m[48;5;236mPlugin[m[38;5;252m[48;5;234m[48;5;236m [m[38;5;252m[48;5;234m[38;5;113m[48;5;236m'rosenfeld/conque-term'[m[38;5;252m[48;5;234m[48;5;236m        [m[38;5;252m[48;5;234m[24;1H'rosenfeld/conque-term' installed[24;34H[K[23;24H[38;5;230m[48;5;238m1[m[38;5;252m[48;5;234m
Processing 'tpope/vim-surround'[24;32H[K[?12l[?25h[?25l[13;1H[38;5;246m+ [m[38;5;252m[48;5;234m[38;5;111m[48;5;236mPlugin[m[38;5;252m[48;5;234m[48;5;236m [m[38;5;252m[48;5;234m[38;5;113m[48;5;236m'tpope/vim-surround'[m[38;5;252m[48;5;234m[48;5;236m           [m[38;5;252m[48;5;234m[24;1H'tpope/vim-surround' installe[24;31H[K[1;1H[38;5;246m. [m[38;5;252m[48;5;234m[38;5;111m[48;5;236mPlugin[m[38;5;252m[48;5;234m[48;5;236m [m[38;5;252m[48;5;234m[38;5;113m[48;5;236m'VundleVim/Vundle.vim'[m[38;5;252m[48;5;234m[48;5;236m         [m[38;5;252m[48;5;234m
[38;5;246m+ [m[38;5;252m[48;5;234m[38;5;111m[48;5;236mPlugin[m[38;5;252m[48;5;234m[48;5;236m [m[38;5;252m[48;5;234m[38;5;113m[48;5;236m'scrooloose/nerdtree'[m[38;5;252m[48;5;234m[48;5;236m          [m[38;5;252m[48;5;234m
[38;5;246m+ [m[38;5;252m[48;5;234m[38;5;111m[48;5;236mPlugin[m[38;5;252m[48;5;234m[48;5;236m [m[38;5;252m[48;5;234m[38;5;113m[48;5;236m'majutsushi/tagbar'[m[38;5;252m[48;5;234m[48;5;236m            [m[38;5;252m[48;5;234m
[38;5;246m+ [m[38;5;252m[48;5;234m[38;5;111m[48;5;236mPlugin[m[38;5;252m[48;5;234m[48;5;236m [m[38;5;252m[48;5;234m[38;5;113m[48;5;236m'kien/ctrlp.vim'[m[38;5;252m[48;5;234m[48;5;236m               [m[38;5;252m[48;5;234m
[38;5;246m+ [m[38;5;252m[48;5;234m[38;5;111m[48;5;236mPlugin[m[38;5;252m[48;5;234m[48;5;236m [m[38;5;252m[48;5;234m[38;5;113m[48;5;236m'bling/vim-airline'[m[38;5;252m[48;5;234m[48;5;236m            [m[38;5;252m[48;5;234m
[38;5;246m+ [m[38;5;252m[48;5;234m[38;5;111m[48;5;236mPlugin[m[38;5;252m[48;5;234m[48;5;236m [m[38;5;252m[48;5;234m[38;5;113m[48;5;236m'vim-airline/vim-airline-themes[m[38;5;252m[48;5;234m
[96m[48;5;242m  [m[38;5;252m[48;5;234m[38;5;113m[48;5;236m'[m[38;5;252m[48;5;234m[48;5;236m                                     [m[38;5;252m[48;5;234m
[38;5;246m+ [m[38;5;252m[48;5;234m[38;5;111m[48;5;236mPlugin[m[38;5;252m[48;5;234m[48;5;236m [m[38;5;252m[48;5;234m[38;5;113m[48;5;236m'Lokaltog/powerline'[m[38;5;252m[48;5;234m[48;5;236m           [m[38;5;252m[48;5;234m
[38;5;246m+ [m[38;5;252m[48;5;234m[38;5;111m[48;5;236mPlugin[m[38;5;252m[48;5;234m[48;5;236m [m[38;5;252m[48;5;234m[38;5;113m[48;5;236m'fisadev/FixedTaskList.vim'[m[38;5;252m[48;5;234m[48;5;236m    [m[38;5;252m[48;5;234m
[38;5;246m+ [m[38;5;252m[48;5;234m[38;5;111m[48;5;236mPlugin[m[38;5;252m[48;5;234m[48;5;236m [m[38;5;252m[48;5;234m[38;5;113m[48;5;236m'rosenfeld/conque-term'[m[38;5;252m[48;5;234m[48;5;236m        [m[38;5;252m[48;5;234m
[38;5;246m+ [m[38;5;252m[48;5;234m[38;5;111m[48;5;236mPlugin[m[38;5;252m[48;5;234m[48;5;236m [m[38;5;252m[48;5;234m[38;5;113m[48;5;236m'tpope/vim-surround'[m[38;5;252m[48;5;234m[48;5;236m           [m[38;5;252m[48;5;234m
[96m[48;5;242m  [m[38;5;252m[48;5;234m[38;5;111mPlugin[m[38;5;252m[48;5;234m [38;5;113m'flazz/vim-colorschemes'[m[38;5;252m[48;5;234m       
[96m[48;5;242m  [m[38;5;252m[48;5;234m[38;5;111mPlugin[m[38;5;252m[48;5;234m [38;5;113m'garbas/vim-snipmate'[m[38;5;252m[48;5;234m          
[96m[48;5;242m  [m[38;5;252m[48;5;234m[38;5;111mPlugin[m[38;5;252m[48;5;234m [38;5;113m'MarcWeber/vim-addon-mw-utils'[m[38;5;252m[48;5;234m 
[96m[48;5;242m  [m[38;5;252m[48;5;234m[38;5;111mPlugin[m[38;5;252m[48;5;234m [38;5;113m'tomtom/tlib_vim'[m[38;5;252m[48;5;234m              
[96m[48;5;242m  [m[38;5;252m[48;5;234m[38;5;111mPlugin[m[38;5;252m[48;5;234m [38;5;113m'honza/vim-snippets'[m[38;5;252m[48;5;234m           
[96m[48;5;242m  [m[38;5;252m[48;5;234m[38;5;111mPlugin[m[38;5;252m[48;5;234m [38;5;113m'tpope/vim-commentary'[m[38;5;252m[48;5;234m         
[96m[48;5;242m  [m[38;5;252m[48;5;234m[38;5;111mPlugin[m[38;5;252m[48;5;234m [38;5;113m'mitsuhiko/vim-sparkup'[m[38;5;252m[48;5;234m        
[96m[48;5;242m  [m[38;5;252m[48;5;234m[38;5;111mPlugin[m[38;5;252m[48;5;234m [38;5;113m'Rykka/riv.vim'[m[38;5;252m[48;5;234m                
[96m[48;5;242m  [m[38;5;252m[48;5;234m[38;5;111mPlugin[m[38;5;252m[48;5;234m [38;5;113m'Valloric/YouCompleteMe'[m[38;5;252m[48;5;234m       
                                        
                                        [21;1H[96m[48;5;242m  [m[38;5;252m[48;5;234m[38;5;111mPlugin[m[38;5;252m[48;5;234m [38;5;113m'klen/python-mode'[m[38;5;252m[48;5;234m
[96m[48;5;242m  [m[38;5;252m[48;5;234m[38;5;111mPlugin[m[38;5;252m[48;5;234m [38;5;113m'scrooloose/syntastic'[m[38;5;252m[48;5;234m[23;24H[38;5;230m[48;5;238m2[12C 33%[m[38;5;252m[48;5;234m[24;1H[K[24;1HProcessing 'flazz/vim-colorschemes'[?12l[?25h[?25l[12;1H[38;5;246m+ [m[38;5;252m[48;5;234m[38;5;111m[48;5;236mPlugin[m[38;5;252m[48;5;234m[48;5;236m [m[38;5;252m[48;5;234m[38;5;113m[48;5;236m'flazz/vim-colorschemes'[m[38;5;252m[48;5;234m[48;5;236m       [m[38;5;252m[48;5;234m[24;1H'flazz/vim-colorschemes' installed[24;35H[K[1;1H[38;5;246m+ [m[38;5;252m[48;5;234m[38;5;111m[48;5;236mPlugin[m[38;5;252m[48;5;234m[48;5;236m [m[38;5;252m[48;5;234m[38;5;113m[48;5;236m'scrooloose/nerdtree'[m[38;5;252m[48;5;234m[48;5;236m          [m[38;5;252m[48;5;234m
[38;5;246m+ [m[38;5;252m[48;5;234m[38;5;111m[48;5;236mPlugin[m[38;5;252m[48;5;234m[48;5;236m [m[38;5;252m[48;5;234m[38;5;113m[48;5;236m'majutsushi/tagbar'[m[38;5;252m[48;5;234m[48;5;236m            [m[38;5;252m[48;5;234m
[38;5;246m+ [m[38;5;252m[48;5;234m[38;5;111m[48;5;236mPlugin[m[38;5;252m[48;5;234m[48;5;236m [m[38;5;252m[48;5;234m[38;5;113m[48;5;236m'kien/ctrlp.vim'[m[38;5;252m[48;5;234m[48;5;236m               [m[38;5;252m[48;5;234m
[38;5;246m+ [m[38;5;252m[48;5;234m[38;5;111m[48;5;236mPlugin[m[38;5;252m[48;5;234m[48;5;236m [m[38;5;252m[48;5;234m[38;5;113m[48;5;236m'bling/vim-airline'[m[38;5;252m[48;5;234m[48;5;236m            [m[38;5;252m[48;5;234m
[38;5;246m+ [m[38;5;252m[48;5;234m[38;5;111m[48;5;236mPlugin[m[38;5;252m[48;5;234m[48;5;236m [m[38;5;252m[48;5;234m[38;5;113m[48;5;236m'vim-airline/vim-airline-themes[m[38;5;252m[48;5;234m
[96m[48;5;242m  [m[38;5;252m[48;5;234m[38;5;113m[48;5;236m'[m[38;5;252m[48;5;234m[48;5;236m                                     [m[38;5;252m[48;5;234m
[38;5;246m+ [m[38;5;252m[48;5;234m[38;5;111m[48;5;236mPlugin[m[38;5;252m[48;5;234m[48;5;236m [m[38;5;252m[48;5;234m[38;5;113m[48;5;236m'Lokaltog/powerline'[m[38;5;252m[48;5;234m[48;5;236m           [m[38;5;252m[48;5;234m
[38;5;246m+ [m[38;5;252m[48;5;234m[38;5;111m[48;5;236mPlugin[m[38;5;252m[48;5;234m[48;5;236m [m[38;5;252m[48;5;234m[38;5;113m[48;5;236m'fisadev/FixedTaskList.vim'[m[38;5;252m[48;5;234m[48;5;236m    [m[38;5;252m[48;5;234m
[38;5;246m+ [m[38;5;252m[48;5;234m[38;5;111m[48;5;236mPlugin[m[38;5;252m[48;5;234m[48;5;236m [m[38;5;252m[48;5;234m[38;5;113m[48;5;236m'rosenfeld/conque-term'[m[38;5;252m[48;5;234m[48;5;236m        [m[38;5;252m[48;5;234m
[38;5;246m+ [m[38;5;252m[48;5;234m[38;5;111m[48;5;236mPlugin[m[38;5;252m[48;5;234m[48;5;236m [m[38;5;252m[48;5;234m[38;5;113m[48;5;236m'tpope/vim-surround'[m[38;5;252m[48;5;234m[48;5;236m           [m[38;5;252m[48;5;234m
[38;5;246m+ [m[38;5;252m[48;5;234m[38;5;111m[48;5;236mPlugin[m[38;5;252m[48;5;234m[48;5;236m [m[38;5;252m[48;5;234m[38;5;113m[48;5;236m'flazz/vim-colorschemes'[m[38;5;252m[48;5;234m[48;5;236m       [m[38;5;252m[48;5;234m
[96m[48;5;242m  [m[38;5;252m[48;5;234m[38;5;111mPlugin[m[38;5;252m[48;5;234m [38;5;113m'garbas/vim-snipmate'[m[38;5;252m[48;5;234m          
[96m[48;5;242m  [m[38;5;252m[48;5;234m[38;5;111mPlugin[m[38;5;252m[48;5;234m [38;5;113m'MarcWeber/vim-addon-mw-utils'[m[38;5;252m[48;5;234m 
[96m[48;5;242m  [m[38;5;252m[48;5;234m[38;5;111mPlugin[m[38;5;252m[48;5;234m [38;5;113m'tomtom/tlib_vim'[m[38;5;252m[48;5;234m              
[96m[48;5;242m  [m[38;5;252m[48;5;234m[38;5;111mPlugin[m[38;5;252m[48;5;234m [38;5;113m'honza/vim-snippets'[m[38;5;252m[48;5;234m           
[96m[48;5;242m  [m[38;5;252m[48;5;234m[38;5;111mPlugin[m[38;5;252m[48;5;234m [38;5;113m'tpope/vim-commentary'[m[38;5;252m[48;5;234m         
[96m[48;5;242m  [m[38;5;252m[48;5;234m[38;5;111mPlugin[m[38;5;252m[48;5;234m [38;5;113m'mitsuhiko/vim-sparkup'[m[38;5;252m[48;5;234m        
[96m[48;5;242m  [m[38;5;252m[48;5;234m[38;5;111mPlugin[m[38;5;252m[48;5;234m [38;5;113m'Rykka/riv.vim'[m[38;5;252m[48;5;234m                
[96m[48;5;242m  [m[38;5;252m[48;5;234m[38;5;111mPlugin[m[38;5;252m[48;5;234m [38;5;113m'Valloric/YouCompleteMe'[m[38;5;252m[48;5;234m       
[96m[48;5;242m  [m[38;5;252m[48;5;234m[38;5;111mPlugin[m[38;5;252m[48;5;234m [38;5;113m'klen/python-mode'[m[38;5;252m[48;5;234m             
[96m[48;5;242m  [m[38;5;252m[48;5;234m[38;5;111mPlugin[m[38;5;252m[48;5;234m [38;5;113m'scrooloose/syntastic'[m[38;5;252m[48;5;234m         
                                        [96m[48;5;242m  [m[38;5;252m[48;5;234m[38;5;111mHelptags[m[38;5;252m[48;5;234m[23;24H[38;5;230m[48;5;238m3[13C66[m[38;5;252m[48;5;234m[24;1H[K[24;1HProcessing 'garbas/vim-snipmate'[?12l[?25h[?25l[12;1H[38;5;246m+ [m[38;5;252m[48;5;234m[38;5;111m[48;5;236mPlugin[m[38;5;252m[48;5;234m[48;5;236m [m[38;5;252m[48;5;234m[38;5;113m[48;5;236m'garbas/vim-snipmate'[m[38;5;252m[48;5;234m[48;5;236m          [m[38;5;252m[48;5;234m[24;1H'garbas/vim-snipmate' installed[24;32H[K[1;1H[38;5;246m+ [m[38;5;252m[48;5;234m[38;5;111m[48;5;236mPlugin[m[38;5;252m[48;5;234m[48;5;236m [m[38;5;252m[48;5;234m[38;5;113m[48;5;236m'majutsushi/tagbar'[m[38;5;252m[48;5;234m[48;5;236m            [m[38;5;252m[48;5;234m
[38;5;246m+ [m[38;5;252m[48;5;234m[38;5;111m[48;5;236mPlugin[m[38;5;252m[48;5;234m[48;5;236m [m[38;5;252m[48;5;234m[38;5;113m[48;5;236m'kien/ctrlp.vim'[m[38;5;252m[48;5;234m[48;5;236m               [m[38;5;252m[48;5;234m
[38;5;246m+ [m[38;5;252m[48;5;234m[38;5;111m[48;5;236mPlugin[m[38;5;252m[48;5;234m[48;5;236m [m[38;5;252m[48;5;234m[38;5;113m[48;5;236m'bling/vim-airline'[m[38;5;252m[48;5;234m[48;5;236m            [m[38;5;252m[48;5;234m
[38;5;246m+ [m[38;5;252m[48;5;234m[38;5;111m[48;5;236mPlugin[m[38;5;252m[48;5;234m[48;5;236m [m[38;5;252m[48;5;234m[38;5;113m[48;5;236m'vim-airline/vim-airline-themes[m[38;5;252m[48;5;234m
[96m[48;5;242m  [m[38;5;252m[48;5;234m[38;5;113m[48;5;236m'[m[38;5;252m[48;5;234m[48;5;236m                                     [m[38;5;252m[48;5;234m
[38;5;246m+ [m[38;5;252m[48;5;234m[38;5;111m[48;5;236mPlugin[m[38;5;252m[48;5;234m[48;5;236m [m[38;5;252m[48;5;234m[38;5;113m[48;5;236m'Lokaltog/powerline'[m[38;5;252m[48;5;234m[48;5;236m           [m[38;5;252m[48;5;234m
[38;5;246m+ [m[38;5;252m[48;5;234m[38;5;111m[48;5;236mPlugin[m[38;5;252m[48;5;234m[48;5;236m [m[38;5;252m[48;5;234m[38;5;113m[48;5;236m'fisadev/FixedTaskList.vim'[m[38;5;252m[48;5;234m[48;5;236m    [m[38;5;252m[48;5;234m
[38;5;246m+ [m[38;5;252m[48;5;234m[38;5;111m[48;5;236mPlugin[m[38;5;252m[48;5;234m[48;5;236m [m[38;5;252m[48;5;234m[38;5;113m[48;5;236m'rosenfeld/conque-term'[m[38;5;252m[48;5;234m[48;5;236m        [m[38;5;252m[48;5;234m
[38;5;246m+ [m[38;5;252m[48;5;234m[38;5;111m[48;5;236mPlugin[m[38;5;252m[48;5;234m[48;5;236m [m[38;5;252m[48;5;234m[38;5;113m[48;5;236m'tpope/vim-surround'[m[38;5;252m[48;5;234m[48;5;236m           [m[38;5;252m[48;5;234m
[38;5;246m+ [m[38;5;252m[48;5;234m[38;5;111m[48;5;236mPlugin[m[38;5;252m[48;5;234m[48;5;236m [m[38;5;252m[48;5;234m[38;5;113m[48;5;236m'flazz/vim-colorschemes'[m[38;5;252m[48;5;234m[48;5;236m       [m[38;5;252m[48;5;234m
[38;5;246m+ [m[38;5;252m[48;5;234m[38;5;111m[48;5;236mPlugin[m[38;5;252m[48;5;234m[48;5;236m [m[38;5;252m[48;5;234m[38;5;113m[48;5;236m'garbas/vim-snipmate'[m[38;5;252m[48;5;234m[48;5;236m          [m[38;5;252m[48;5;234m
[96m[48;5;242m  [m[38;5;252m[48;5;234m[38;5;111mPlugin[m[38;5;252m[48;5;234m [38;5;113m'MarcWeber/vim-addon-mw-utils'[m[38;5;252m[48;5;234m 
[96m[48;5;242m  [m[38;5;252m[48;5;234m[38;5;111mPlugin[m[38;5;252m[48;5;234m [38;5;113m'tomtom/tlib_vim'[m[38;5;252m[48;5;234m              
[96m[48;5;242m  [m[38;5;252m[48;5;234m[38;5;111mPlugin[m[38;5;252m[48;5;234m [38;5;113m'honza/vim-snippets'[m[38;5;252m[48;5;234m           
[96m[48;5;242m  [m[38;5;252m[48;5;234m[38;5;111mPlugin[m[38;5;252m[48;5;234m [38;5;113m'tpope/vim-commentary'[m[38;5;252m[48;5;234m         
[96m[48;5;242m  [m[38;5;252m[48;5;234m[38;5;111mPlugin[m[38;5;252m[48;5;234m [38;5;113m'mitsuhiko/vim-sparkup'[m[38;5;252m[48;5;234m        
[96m[48;5;242m  [m[38;5;252m[48;5;234m[38;5;111mPlugin[m[38;5;252m[48;5;234m [38;5;113m'Rykka/riv.vim'[m[38;5;252m[48;5;234m                
[96m[48;5;242m  [m[38;5;252m[48;5;234m[38;5;111mPlugin[m[38;5;252m[48;5;234m [38;5;113m'Valloric/YouCompleteMe'[m[38;5;252m[48;5;234m       
[96m[48;5;242m  [m[38;5;252m[48;5;234m[38;5;111mPlugin[m[38;5;252m[48;5;234m [38;5;113m'klen/python-mode'[m[38;5;252m[48;5;234m             
[96m[48;5;242m  [m[38;5;252m[48;5;234m[38;5;111mPlugin[m[38;5;252m[48;5;234m [38;5;113m'scrooloose/syntastic'[m[38;5;252m[48;5;234m         
[96m[48;5;242m  [m[38;5;252m[48;5;234m[38;5;111mHelptags[m[38;5;252m[48;5;234m                              
                                        [96m[48;5;242m  [m[38;5;252m[48;5;234m[23;24H[38;5;230m[48;5;238m4[12C底端[m[38;5;252m[48;5;234m[24;1H[K[24;1HProcessing 'MarcWeber/vim-addon-mw-utils'[?12l[?25h[?25l[12;1H[38;5;246m+ [m[38;5;252m[48;5;234m[38;5;111m[48;5;236mPlugin[m[38;5;252m[48;5;234m[48;5;236m [m[38;5;252m[48;5;234m[38;5;113m[48;5;236m'MarcWeber/vim-addon-mw-utils'[m[38;5;252m[48;5;234m[48;5;236m [m[38;5;252m[48;5;234m[24;1H'MarcWeber/vim-addon-mw-utils' installed[24;41H[K[23;24H[38;5;230m[48;5;238m5[m[38;5;252m[48;5;234m
Processing 'tomtom/tlib_vim'[24;29H[K[?12l[?25h[?25l[13;1H[38;5;246m+ [m[38;5;252m[48;5;234m[38;5;111m[48;5;236mPlugin[m[38;5;252m[48;5;234m[48;5;236m [m[38;5;252m[48;5;234m[38;5;113m[48;5;236m'tomtom/tlib_vim'[m[38;5;252m[48;5;234m[48;5;236m              [m[38;5;252m[48;5;234m[24;1H'tomtom/tlib_vim' installed[24;28H[K[23;24H[38;5;230m[48;5;238m6[m[38;5;252m[48;5;234m
Processing 'honza/vim-snippets'[?12l[?25h[?25l[14;1H[38;5;246m+ [m[38;5;252m[48;5;234m[38;5;111m[48;5;236mPlugin[m[38;5;252m[48;5;234m[48;5;236m [m[38;5;252m[48;5;234m[38;5;113m[48;5;236m'honza/vim-snippets'[m[38;5;252m[48;5;234m[48;5;236m           [m[38;5;252m[48;5;234m[24;1H'honza/vim-snippets' installed[24;31H[K[23;24H[38;5;230m[48;5;238m7[m[38;5;252m[48;5;234m
Processing 'tpope/vim-commentary'[?12l[?25h[?25l[15;1H[38;5;246m+ [m[38;5;252m[48;5;234m[38;5;111m[48;5;236mPlugin[m[38;5;252m[48;5;234m[48;5;236m [m[38;5;252m[48;5;234m[38;5;113m[48;5;236m'tpope/vim-commentary'[m[38;5;252m[48;5;234m[48;5;236m         [m[38;5;252m[48;5;234m[24;1H'tpope/vim-commentary' installed[24;33H[K[23;24H[38;5;230m[48;5;238m8[m[38;5;252m[48;5;234m
Processing 'mitsuhiko/vim-sparkup'[?12l[?25h[?25l[16;1H[38;5;246m+ [m[38;5;252m[48;5;234m[38;5;111m[48;5;236mPlugin[m[38;5;252m[48;5;234m[48;5;236m [m[38;5;252m[48;5;234m[38;5;113m[48;5;236m'mitsuhiko/vim-sparkup'[m[38;5;252m[48;5;234m[48;5;236m        [m[38;5;252m[48;5;234m[24;1H'mitsuhiko/vim-sparkup' installed[24;34H[K[23;24H[38;5;230m[48;5;238m9[m[38;5;252m[48;5;234m
Processing 'Rykka/riv.vim'[24;27H[K[?12l[?25h[?25l[17;1H[38;5;246m+ [m[38;5;252m[48;5;234m[38;5;111m[48;5;236mPlugin[m[38;5;252m[48;5;234m[48;5;236m [m[38;5;252m[48;5;234m[38;5;113m[48;5;236m'Rykka/riv.vim'[m[38;5;252m[48;5;234m[48;5;236m                [m[38;5;252m[48;5;234m[24;1H'Rykka/riv.vim' installed[24;26H[K[23;23H[38;5;230m[48;5;238m20[m[38;5;252m[48;5;234m
Processing 'Valloric/YouCompleteMe'[?12l[?25h[?25l[18;1H[97m[101m! [m[38;5;252m[48;5;234m[38;5;111m[48;5;236mPlugin[m[38;5;252m[48;5;234m[48;5;236m [m[38;5;252m[48;5;234m[38;5;113m[48;5;236m'Valloric/YouCompleteMe'[m[38;5;252m[48;5;234m[48;5;236m       [m[38;5;252m[48;5;234m[24;1H[97m[101mError processing 'Valloric/YouCompleteMe'[?12l[?25h[?25l[m[38;5;252m[48;5;234m[23;24H[38;5;230m[48;5;238m1[m[38;5;252m[48;5;234m
Processing 'klen/python-mode'[24;30H[K[?12l[?25h[?25l[19;1H[38;5;246m+ [m[38;5;252m[48;5;234m[38;5;111m[48;5;236mPlugin[m[38;5;252m[48;5;234m[48;5;236m [m[38;5;252m[48;5;234m[38;5;113m[48;5;236m'klen/python-mode'[m[38;5;252m[48;5;234m[48;5;236m             [m[38;5;252m[48;5;234m[24;1H'klen/python-mode' installed[24;29H[K[23;24H[38;5;230m[48;5;238m2[m[38;5;252m[48;5;234m
Processing 'scrooloose/syntastic'[?12l[?25h[?25l[20;1H[38;5;246m+ [m[38;5;252m[48;5;234m[38;5;111m[48;5;236mPlugin[m[38;5;252m[48;5;234m[48;5;236m [m[38;5;252m[48;5;234m[38;5;113m[48;5;236m'scrooloose/syntastic'[m[38;5;252m[48;5;234m[48;5;236m         [m[38;5;252m[48;5;234m[24;1H'scrooloose/syntastic' installed[24;33H[K[23;24H[38;5;230m[48;5;238m3[m[38;5;252m[48;5;234m
Processing helptags[24;20H[K[?12l[?25h[?25l[21;1H[38;5;246m* [m[38;5;252m[48;5;234m[38;5;111m[48;5;236mHelptags[m[38;5;252m[48;5;234m[48;5;236m                              [m[38;5;252m[48;5;234m


helptags regenerated[23;24H[38;5;230m[48;5;238m4,0-1[m[38;5;252m[48;5;234m
Done! With errors; press l to view log
[38;5;203mYouCompleteMe unavailable: requires Vim 7.4.143+[m[38;5;252m[48;5;234m
[38;5;121m请按 ENTER 或其它命令继续[?12l[?25h[m[38;5;252m[48;5;234m[39;49m[?1l>[?1049lVim: 读错误，退出中...

Vim: 结束。
[24;1H[27m[23m[m[38;5;252m[48;5;234m[39;49m